
$ pwd
/Users/okbaronok23110/Desktop/E1-1/mission

$ ls -la
total 8
drwxr-xr-x  9 okbaronok23110  okbaronok23110  288  4 14 13:27 .
drwxr-xr-x  5 okbaronok23110  okbaronok23110  160  4 14 13:27 ..
drwxr-xr-x  2 okbaronok23110  okbaronok23110   64  4 14 13:27 app
drwxr-xr-x  2 okbaronok23110  okbaronok23110   64  4 14 13:27 bind_site
drwxr-xr-x  3 okbaronok23110  okbaronok23110   96  4 14 13:27 evidence
drwxr-xr-x  2 okbaronok23110  okbaronok23110   64  4 14 13:27 perm_lab
drwxr-xr-x  2 okbaronok23110  okbaronok23110   64  4 14 13:27 practice
-rw-r--r--  1 okbaronok23110  okbaronok23110  151  4 14 13:27 runlog.sh
drwxr-xr-x  2 okbaronok23110  okbaronok23110   64  4 14 13:27 screenshots

$ mkdir -p practice/a practice/b

$ touch practice/a/empty.txt

$ echo 'hello' > practice/a/hello.txt

$ cat practice/a/hello.txt
hello

$ cp practice/a/hello.txt practice/b/hello-copy.txt

$ mv practice/b/hello-copy.txt practice/b/hello-renamed.txt

$ mv practice/b/hello-renamed.txt practice/b/hello-moved.txt

$ ls -la practice/b
total 8
drwxr-xr-x  3 okbaronok23110  okbaronok23110   96  4 14 13:27 .
drwxr-xr-x  4 okbaronok23110  okbaronok23110  128  4 14 13:27 ..
-rw-r--r--  1 okbaronok23110  okbaronok23110    6  4 14 13:27 hello-moved.txt

$ rm practice/b/hello-moved.txt

$ ls -la practice/b
total 0
drwxr-xr-x  2 okbaronok23110  okbaronok23110   64  4 14 13:27 .
drwxr-xr-x  4 okbaronok23110  okbaronok23110  128  4 14 13:27 ..

$ mkdir -p perm_lab/dir1

$ echo 'perm test' > perm_lab/file1.txt

$ ls -ld perm_lab/dir1 && ls -l perm_lab/file1.txt
drwxr-xr-x  2 okbaronok23110  okbaronok23110  64  4 14 13:27 perm_lab/dir1
-rw-r--r--  1 okbaronok23110  okbaronok23110  10  4 14 13:27 perm_lab/file1.txt

$ chmod 755 perm_lab/dir1

$ chmod 644 perm_lab/file1.txt

$ ls -ld perm_lab/dir1 && ls -l perm_lab/file1.txt
drwxr-xr-x  2 okbaronok23110  okbaronok23110  64  4 14 13:27 perm_lab/dir1
-rw-r--r--  1 okbaronok23110  okbaronok23110  10  4 14 13:27 perm_lab/file1.txt

$ chmod 700 perm_lab/dir1

$ chmod 600 perm_lab/file1.txt

$ ls -ld perm_lab/dir1 && ls -l perm_lab/file1.txt
drwx------  2 okbaronok23110  okbaronok23110  64  4 14 13:27 perm_lab/dir1
-rw-------  1 okbaronok23110  okbaronok23110  10  4 14 13:27 perm_lab/file1.txt

$ git --version
git version 2.53.0

$ docker --version
Docker version 28.5.2, build ecc6942

$ docker info
Client:
 Version:    28.5.2
 Context:    orbstack
 Debug Mode: false
 Plugins:
  buildx: Docker Buildx (Docker Inc.)
    Version:  v0.29.1
    Path:     /Users/okbaronok23110/.docker/cli-plugins/docker-buildx
  compose: Docker Compose (Docker Inc.)
    Version:  v2.40.3
    Path:     /Users/okbaronok23110/.docker/cli-plugins/docker-compose

Server:
 Containers: 0
  Running: 0
  Paused: 0
  Stopped: 0
 Images: 0
 Server Version: 28.5.2
 Storage Driver: overlay2
  Backing Filesystem: btrfs
  Supports d_type: true
  Using metacopy: false
  Native Overlay Diff: true
  userxattr: false
 Logging Driver: json-file
 Cgroup Driver: cgroupfs
 Cgroup Version: 2
 Plugins:
  Volume: local
  Network: bridge host ipvlan macvlan null overlay
  Log: awslogs fluentd gcplogs gelf journald json-file local splunk syslog
 CDI spec directories:
  /etc/cdi
  /var/run/cdi
 Swarm: inactive
 Runtimes: io.containerd.runc.v2 runc
 Default Runtime: runc
 Init Binary: docker-init
 containerd version: 1c4457e00facac03ce1d75f7b6777a7a851e5c41
 runc version: d842d7719497cc3b774fd71620278ac9e17710e0
 init version: de40ad0
 Security Options:
  seccomp
   Profile: builtin
  cgroupns
 Kernel Version: 6.17.8-orbstack-00308-g8f9c941121b1
 Operating System: OrbStack
 OSType: linux
 Architecture: x86_64
 CPUs: 6
 Total Memory: 15.67GiB
 Name: orbstack
 ID: a99844cf-0176-4f02-a614-4863cc575ecc
 Docker Root Dir: /var/lib/docker
 Debug Mode: false
 Experimental: false
 Insecure Registries:
  ::1/128
  127.0.0.0/8
 Live Restore Enabled: false
 Product License: Community Engine
 Default Address Pools:
   Base: 192.168.97.0/24, Size: 24
   Base: 192.168.107.0/24, Size: 24
   Base: 192.168.117.0/24, Size: 24
   Base: 192.168.147.0/24, Size: 24
   Base: 192.168.148.0/24, Size: 24
   Base: 192.168.155.0/24, Size: 24
   Base: 192.168.156.0/24, Size: 24
   Base: 192.168.158.0/24, Size: 24
   Base: 192.168.163.0/24, Size: 24
   Base: 192.168.164.0/24, Size: 24
   Base: 192.168.165.0/24, Size: 24
   Base: 192.168.166.0/24, Size: 24
   Base: 192.168.167.0/24, Size: 24
   Base: 192.168.171.0/24, Size: 24
   Base: 192.168.172.0/24, Size: 24
   Base: 192.168.181.0/24, Size: 24
   Base: 192.168.183.0/24, Size: 24
   Base: 192.168.186.0/24, Size: 24
   Base: 192.168.207.0/24, Size: 24
   Base: 192.168.214.0/24, Size: 24
   Base: 192.168.215.0/24, Size: 24
   Base: 192.168.216.0/24, Size: 24
   Base: 192.168.223.0/24, Size: 24
   Base: 192.168.227.0/24, Size: 24
   Base: 192.168.228.0/24, Size: 24
   Base: 192.168.229.0/24, Size: 24
   Base: 192.168.237.0/24, Size: 24
   Base: 192.168.239.0/24, Size: 24
   Base: 192.168.242.0/24, Size: 24
   Base: 192.168.247.0/24, Size: 24
   Base: fd07:b51a:cc66:d000::/56, Size: 64

WARNING: DOCKER_INSECURE_NO_IPTABLES_RAW is set

$ docker context ls
NAME         DESCRIPTION                               DOCKER ENDPOINT                                          ERROR
default      Current DOCKER_HOST based configuration   unix:///var/run/docker.sock                              
orbstack *   OrbStack                                  unix:///Users/okbaronok23110/.orbstack/run/docker.sock   

$ docker images
REPOSITORY   TAG       IMAGE ID   CREATED   SIZE

$ docker pull nginx:alpine
alpine: Pulling from library/nginx
589002ba0eae: Pulling fs layer
f03becc8ac15: Pulling fs layer
15e759724ff6: Pulling fs layer
ff9f59a6a62e: Pulling fs layer
a71873b303e8: Pulling fs layer
34dfdd2ef1f9: Pulling fs layer
c8a2fa3a88d2: Pulling fs layer
1165b869c51a: Pulling fs layer
a71873b303e8: Waiting
34dfdd2ef1f9: Waiting
c8a2fa3a88d2: Waiting
1165b869c51a: Waiting
ff9f59a6a62e: Waiting
15e759724ff6: Verifying Checksum
15e759724ff6: Download complete
589002ba0eae: Verifying Checksum
589002ba0eae: Download complete
f03becc8ac15: Download complete
589002ba0eae: Pull complete
f03becc8ac15: Pull complete
15e759724ff6: Pull complete
ff9f59a6a62e: Verifying Checksum
a71873b303e8: Verifying Checksum
a71873b303e8: Download complete
ff9f59a6a62e: Pull complete
34dfdd2ef1f9: Verifying Checksum
34dfdd2ef1f9: Download complete
a71873b303e8: Pull complete
34dfdd2ef1f9: Pull complete
c8a2fa3a88d2: Download complete
c8a2fa3a88d2: Pull complete
1165b869c51a: Verifying Checksum
1165b869c51a: Download complete
1165b869c51a: Pull complete
Digest: sha256:582c496ccf79d8aa6f8203a79d32aaf7ffd8b13362c60a701a2f9ac64886c93d
Status: Downloaded newer image for nginx:alpine
docker.io/library/nginx:alpine

$ docker run -d --name op-nginx nginx:alpine
37c39a723a972014fead4ef5dbfdd1064af47aa90825805aefca32a229c7dd8a

$ docker ps
CONTAINER ID   IMAGE          COMMAND                   CREATED         STATUS                  PORTS     NAMES
37c39a723a97   nginx:alpine   "/docker-entrypoint.…"   2 seconds ago   Up Less than a second   80/tcp    op-nginx

$ docker ps -a
CONTAINER ID   IMAGE          COMMAND                   CREATED         STATUS                  PORTS     NAMES
37c39a723a97   nginx:alpine   "/docker-entrypoint.…"   2 seconds ago   Up Less than a second   80/tcp    op-nginx

$ docker logs op-nginx
/docker-entrypoint.sh: /docker-entrypoint.d/ is not empty, will attempt to perform configuration
/docker-entrypoint.sh: Looking for shell scripts in /docker-entrypoint.d/
/docker-entrypoint.sh: Launching /docker-entrypoint.d/10-listen-on-ipv6-by-default.sh
10-listen-on-ipv6-by-default.sh: info: Getting the checksum of /etc/nginx/conf.d/default.conf
10-listen-on-ipv6-by-default.sh: info: Enabled listen on IPv6 in /etc/nginx/conf.d/default.conf
/docker-entrypoint.sh: Sourcing /docker-entrypoint.d/15-local-resolvers.envsh
/docker-entrypoint.sh: Launching /docker-entrypoint.d/20-envsubst-on-templates.sh
/docker-entrypoint.sh: Launching /docker-entrypoint.d/30-tune-worker-processes.sh
/docker-entrypoint.sh: Configuration complete; ready for start up
2026/04/14 04:27:50 [notice] 1#1: using the "epoll" event method
2026/04/14 04:27:50 [notice] 1#1: nginx/1.29.8
2026/04/14 04:27:50 [notice] 1#1: built by gcc 15.2.0 (Alpine 15.2.0) 
2026/04/14 04:27:50 [notice] 1#1: OS: Linux 6.17.8-orbstack-00308-g8f9c941121b1
2026/04/14 04:27:50 [notice] 1#1: getrlimit(RLIMIT_NOFILE): 20480:1048576
2026/04/14 04:27:50 [notice] 1#1: start worker processes
2026/04/14 04:27:50 [notice] 1#1: start worker process 30
2026/04/14 04:27:50 [notice] 1#1: start worker process 31
2026/04/14 04:27:50 [notice] 1#1: start worker process 32
2026/04/14 04:27:50 [notice] 1#1: start worker process 33
2026/04/14 04:27:50 [notice] 1#1: start worker process 34
2026/04/14 04:27:50 [notice] 1#1: start worker process 35

$ docker stats --no-stream op-nginx
CONTAINER ID   NAME       CPU %     MEM USAGE / LIMIT     MEM %     NET I/O      BLOCK I/O       PIDS
37c39a723a97   op-nginx   0.00%     6.129MiB / 15.67GiB   0.04%     694B / 84B   4.1kB / 4.1kB   7

$ docker stop op-nginx
op-nginx

$ docker ps -a
CONTAINER ID   IMAGE          COMMAND                   CREATED         STATUS                              PORTS     NAMES
37c39a723a97   nginx:alpine   "/docker-entrypoint.…"   4 seconds ago   Exited (0) Less than a second ago             op-nginx

$ docker rm op-nginx
op-nginx

$ docker run --name hw-test hello-world
Unable to find image 'hello-world:latest' locally
latest: Pulling from library/hello-world
4f55086f7dd0: Pulling fs layer
4f55086f7dd0: Verifying Checksum
4f55086f7dd0: Download complete
4f55086f7dd0: Pull complete
Digest: sha256:452a468a4bf985040037cb6d5392410206e47db9bf5b7278d281f94d1c2d0931
Status: Downloaded newer image for hello-world:latest

Hello from Docker!
This message shows that your installation appears to be working correctly.

To generate this message, Docker took the following steps:
 1. The Docker client contacted the Docker daemon.
 2. The Docker daemon pulled the "hello-world" image from the Docker Hub.
    (amd64)
 3. The Docker daemon created a new container from that image which runs the
    executable that produces the output you are currently reading.
 4. The Docker daemon streamed that output to the Docker client, which sent it
    to your terminal.

To try something more ambitious, you can run an Ubuntu container with:
 $ docker run -it ubuntu bash

Share images, automate workflows, and more with a free Docker ID:
 https://hub.docker.com/

For more examples and ideas, visit:
 https://docs.docker.com/get-started/


$ docker run -dit --name ubuntu-lab ubuntu bash
Unable to find image 'ubuntu:latest' locally
latest: Pulling from library/ubuntu
689b91d88a0f: Pulling fs layer
689b91d88a0f: Verifying Checksum
689b91d88a0f: Download complete
689b91d88a0f: Pull complete
Digest: sha256:84e77dee7d1bc93fb029a45e3c6cb9d8aa4831ccfcc7103d36e876938d28895b
Status: Downloaded newer image for ubuntu:latest
071fb0c2f149a7397fa9fd806d35aef97df7125b4d9af45e77716b6bc5f95e51

$ docker exec ubuntu-lab ls /
bin
boot
dev
etc
home
lib
lib64
media
mnt
opt
proc
root
run
sbin
srv
sys
tmp
usr
var

$ docker exec ubuntu-lab bash -lc 'echo hello-from-ubuntu-container'
hello-from-ubuntu-container

$ docker stop ubuntu-lab
ubuntu-lab

$ docker start ubuntu-lab
ubuntu-lab

$ docker exec ubuntu-lab bash -lc 'echo exec-after-restart'
exec-after-restart

$ docker rm -f ubuntu-lab
ubuntu-lab

$ docker build -t mission-web:1.0 .
#0 building with "orbstack" instance using docker driver

#1 [internal] load build definition from Dockerfile
#1 transferring dockerfile:
#1 transferring dockerfile: 164B done
#1 DONE 0.2s

#2 [internal] load metadata for docker.io/library/nginx:alpine
#2 DONE 0.0s

#3 [internal] load .dockerignore
#3 transferring context:
#3 transferring context: 2B done
#3 DONE 0.1s

#4 [1/2] FROM docker.io/library/nginx:alpine
#4 ...

#5 [internal] load build context
#5 transferring context: 514B done
#5 DONE 0.3s

#4 [1/2] FROM docker.io/library/nginx:alpine
#4 DONE 1.0s

#6 [2/2] COPY app/ /usr/share/nginx/html/
#6 DONE 0.2s

#7 exporting to image
#7 exporting layers 0.1s done
#7 writing image sha256:631181eac6630788f2dc0f0d63ef7e9d21360cdf60d2bb780f47254f1003041e
#7 writing image sha256:631181eac6630788f2dc0f0d63ef7e9d21360cdf60d2bb780f47254f1003041e done
#7 naming to docker.io/library/mission-web:1.0 0.0s done
#7 DONE 0.2s

$ docker run -d --name mission-web-8080 -p 8080:80 mission-web:1.0
e0d872b08d08c42cdd0d9310640f374d00290c6ad98c98dc289ce88b266de3f9

$ curl -i http://localhost:8080 | head -n 20
  % Total    % Received % Xferd  Average Speed   Time    Time     Time  Current
                                 Dload  Upload   Total   Spent    Left  Speed
  0     0    0     0    0     0      0      0 --:--:-- --:--:-- --:--:--     0100   444  100   444    0     0   273k      0 --:--:-- --:--:-- --:--:--  433k
HTTP/1.1 200 OK
Server: nginx/1.29.8
Date: Tue, 14 Apr 2026 04:28:48 GMT
Content-Type: text/html
Content-Length: 444
Last-Modified: Tue, 14 Apr 2026 04:28:34 GMT
Connection: keep-alive
ETag: "69ddc272-1bc"
Accept-Ranges: bytes

<!doctype html>
<html lang="ko">
<head>
  <meta charset="UTF-8" />
  <meta name="viewport" content="width=device-width, initial-scale=1.0" />
  <title>Mission Custom Web</title>
  <style>
    body { font-family: -apple-system, BlinkMacSystemFont, 'Segoe UI', sans-serif; margin: 40px; }
    h1 { color: #0f766e; }
  </style>

$ docker run -d --name mission-web-8081 -p 8081:80 mission-web:1.0
0f9c46adf9be0137a19324e92bb84cd821df75c0d99b88f1e656cfe5b55e1065

$ curl -i http://localhost:8081 | head -n 20
  % Total    % Received % Xferd  Average Speed   Time    Time     Time  Current
                                 Dload  Upload   Total   Spent    Left  Speed
  0     0    0     0    0     0      0      0 --:--:-- --:--:-- --:--:--     0100   444  100   444    0     0   277k      0 --:--:-- --:--:-- --:--:--  433k
HTTP/1.1 200 OK
Server: nginx/1.29.8
Date: Tue, 14 Apr 2026 04:28:49 GMT
Content-Type: text/html
Content-Length: 444
Last-Modified: Tue, 14 Apr 2026 04:28:34 GMT
Connection: keep-alive
ETag: "69ddc272-1bc"
Accept-Ranges: bytes

<!doctype html>
<html lang="ko">
<head>
  <meta charset="UTF-8" />
  <meta name="viewport" content="width=device-width, initial-scale=1.0" />
  <title>Mission Custom Web</title>
  <style>
    body { font-family: -apple-system, BlinkMacSystemFont, 'Segoe UI', sans-serif; margin: 40px; }
    h1 { color: #0f766e; }
  </style>

$ docker ps
CONTAINER ID   IMAGE             COMMAND                   CREATED         STATUS                  PORTS                                     NAMES
0f9c46adf9be   mission-web:1.0   "/docker-entrypoint.…"   2 seconds ago   Up Less than a second   0.0.0.0:8081->80/tcp, [::]:8081->80/tcp   mission-web-8081
e0d872b08d08   mission-web:1.0   "/docker-entrypoint.…"   2 seconds ago   Up Less than a second   0.0.0.0:8080->80/tcp, [::]:8080->80/tcp   mission-web-8080

$ docker build -t mission-web:1.0 .
#0 building with "orbstack" instance using docker driver

#1 [internal] load build definition from Dockerfile
#1 transferring dockerfile: 164B done
#1 DONE 0.1s

#2 [internal] load metadata for docker.io/library/nginx:alpine
#2 DONE 0.0s

#3 [internal] load .dockerignore
#3 transferring context:
#3 transferring context: 2B done
#3 DONE 0.1s

#4 [1/2] FROM docker.io/library/nginx:alpine
#4 DONE 0.0s

#5 [internal] load build context
#5 transferring context: 59B done
#5 DONE 0.1s

#6 [2/2] COPY app/ /usr/share/nginx/html/
#6 CACHED

#7 exporting to image
#7 exporting layers done
#7 writing image sha256:631181eac6630788f2dc0f0d63ef7e9d21360cdf60d2bb780f47254f1003041e done
#7 naming to docker.io/library/mission-web:1.0 done
#7 DONE 0.0s

$ docker run -d --name mission-web-8080 -p 8080:80 mission-web:1.0
docker: Error response from daemon: Conflict. The container name "/mission-web-8080" is already in use by container "e0d872b08d08c42cdd0d9310640f374d00290c6ad98c98dc289ce88b266de3f9". You have to remove (or rename) that container to be able to reuse that name.

Run 'docker run --help' for more information

$ curl -i http://localhost:8080 | head -n 20
  % Total    % Received % Xferd  Average Speed   Time    Time     Time  Current
                                 Dload  Upload   Total   Spent    Left  Speed
  0     0    0     0    0     0      0      0 --:--:-- --:--:-- --:--:--     0100   444  100   444    0     0   304k      0 --:--:-- --:--:-- --:--:--  433k
HTTP/1.1 200 OK
Server: nginx/1.29.8
Date: Tue, 14 Apr 2026 04:29:12 GMT
Content-Type: text/html
Content-Length: 444
Last-Modified: Tue, 14 Apr 2026 04:28:34 GMT
Connection: keep-alive
ETag: "69ddc272-1bc"
Accept-Ranges: bytes

<!doctype html>
<html lang="ko">
<head>
  <meta charset="UTF-8" />
  <meta name="viewport" content="width=device-width, initial-scale=1.0" />
  <title>Mission Custom Web</title>
  <style>
    body { font-family: -apple-system, BlinkMacSystemFont, 'Segoe UI', sans-serif; margin: 40px; }
    h1 { color: #0f766e; }
  </style>

$ docker run -d --name mission-web-8081 -p 8081:80 mission-web:1.0
docker: Error response from daemon: Conflict. The container name "/mission-web-8081" is already in use by container "0f9c46adf9be0137a19324e92bb84cd821df75c0d99b88f1e656cfe5b55e1065". You have to remove (or rename) that container to be able to reuse that name.

Run 'docker run --help' for more information

$ curl -i http://localhost:8081 | head -n 20
  % Total    % Received % Xferd  Average Speed   Time    Time     Time  Current
                                 Dload  Upload   Total   Spent    Left  Speed
  0     0    0     0    0     0      0      0 --:--:-- --:--:-- --:--:--     0100   444  100   444    0     0   333k      0 --:--:-- --:--:-- --:--:--  433k
HTTP/1.1 200 OK
Server: nginx/1.29.8
Date: Tue, 14 Apr 2026 04:29:12 GMT
Content-Type: text/html
Content-Length: 444
Last-Modified: Tue, 14 Apr 2026 04:28:34 GMT
Connection: keep-alive
ETag: "69ddc272-1bc"
Accept-Ranges: bytes

<!doctype html>
<html lang="ko">
<head>
  <meta charset="UTF-8" />
  <meta name="viewport" content="width=device-width, initial-scale=1.0" />
  <title>Mission Custom Web</title>
  <style>
    body { font-family: -apple-system, BlinkMacSystemFont, 'Segoe UI', sans-serif; margin: 40px; }
    h1 { color: #0f766e; }
  </style>

$ docker ps
CONTAINER ID   IMAGE             COMMAND                   CREATED          STATUS          PORTS                                     NAMES
0f9c46adf9be   mission-web:1.0   "/docker-entrypoint.…"   25 seconds ago   Up 23 seconds   0.0.0.0:8081->80/tcp, [::]:8081->80/tcp   mission-web-8081
e0d872b08d08   mission-web:1.0   "/docker-entrypoint.…"   25 seconds ago   Up 24 seconds   0.0.0.0:8080->80/tcp, [::]:8080->80/tcp   mission-web-8080

$ docker run -d --name bind-web -p 8090:80 -v '/Users/okbaronok23110/Desktop/E1-1/mission/bind_site:/usr/share/nginx/html' nginx:alpine
48fbc46eaef82c3a88f4c82f42b99f8c1bf352586dd3d16461c4b2bbc4506f68

$ curl -s http://localhost:8090
Bind Mount Version 1

$ curl -s http://localhost:8090
Bind Mount Version 2 (Host Changed)

$ docker volume create mission_data
mission_data

$ docker run -d --name vol-test-1 -v mission_data:/data ubuntu sleep infinity
e75f7790504ad1b6e910a0169cce05b74ce84df5b339410960d2e7274690b79a

$ docker exec vol-test-1 bash -lc 'echo persistent-data > /data/keep.txt && cat /data/keep.txt'
persistent-data

$ docker rm -f vol-test-1
vol-test-1

$ docker run -d --name vol-test-2 -v mission_data:/data ubuntu sleep infinity
faa4b74f45a5449aea4b4ceda2169c86d9b2cf746257922bb721857806541f3d

$ docker exec vol-test-2 bash -lc 'cat /data/keep.txt'
persistent-data

$ docker volume ls
DRIVER    VOLUME NAME
local     mission_data

$ git config --global init.defaultBranch main

$ git config --global user.name

$ git config --global user.email

$ git config --list
credential.helper=osxkeychain
init.defaultbranch=main
core.repositoryformatversion=0
core.filemode=true
core.bare=false
core.logallrefupdates=true
core.ignorecase=true
core.precomposeunicode=true
remote.origin.url=https://github.com/jongekim/E1-1.git
remote.origin.fetch=+refs/heads/*:refs/remotes/origin/*
branch.main.remote=origin
branch.main.merge=refs/heads/main

$ docker images
REPOSITORY    TAG       IMAGE ID       CREATED          SIZE
mission-web   1.0       631181eac663   39 seconds ago   62.2MB
nginx         alpine    5bd7bd52e5bc   6 days ago       62.2MB
ubuntu        latest    b28307c40a80   10 days ago      78.1MB
hello-world   latest    e2ac70e7319a   3 weeks ago      10.1kB

$ docker ps -a
CONTAINER ID   IMAGE             COMMAND                   CREATED              STATUS                          PORTS                                     NAMES
faa4b74f45a5   ubuntu            "sleep infinity"          12 seconds ago       Up 11 seconds                                                             vol-test-2
48fbc46eaef8   nginx:alpine      "/docker-entrypoint.…"   14 seconds ago       Up 12 seconds                   0.0.0.0:8090->80/tcp, [::]:8090->80/tcp   bind-web
0f9c46adf9be   mission-web:1.0   "/docker-entrypoint.…"   38 seconds ago       Up 36 seconds                   0.0.0.0:8081->80/tcp, [::]:8081->80/tcp   mission-web-8081
e0d872b08d08   mission-web:1.0   "/docker-entrypoint.…"   38 seconds ago       Up 37 seconds                   0.0.0.0:8080->80/tcp, [::]:8080->80/tcp   mission-web-8080
d541f9dcfae8   hello-world       "/hello"                  About a minute ago   Exited (0) About a minute ago                                             hw-test

$ docker logs mission-web-8080
/docker-entrypoint.sh: /docker-entrypoint.d/ is not empty, will attempt to perform configuration
/docker-entrypoint.sh: Looking for shell scripts in /docker-entrypoint.d/
/docker-entrypoint.sh: Launching /docker-entrypoint.d/10-listen-on-ipv6-by-default.sh
10-listen-on-ipv6-by-default.sh: info: Getting the checksum of /etc/nginx/conf.d/default.conf
10-listen-on-ipv6-by-default.sh: info: Enabled listen on IPv6 in /etc/nginx/conf.d/default.conf
/docker-entrypoint.sh: Sourcing /docker-entrypoint.d/15-local-resolvers.envsh
/docker-entrypoint.sh: Launching /docker-entrypoint.d/20-envsubst-on-templates.sh
/docker-entrypoint.sh: Launching /docker-entrypoint.d/30-tune-worker-processes.sh
/docker-entrypoint.sh: Configuration complete; ready for start up
2026/04/14 04:28:48 [notice] 1#1: using the "epoll" event method
2026/04/14 04:28:48 [notice] 1#1: nginx/1.29.8
2026/04/14 04:28:48 [notice] 1#1: built by gcc 15.2.0 (Alpine 15.2.0) 
2026/04/14 04:28:48 [notice] 1#1: OS: Linux 6.17.8-orbstack-00308-g8f9c941121b1
2026/04/14 04:28:48 [notice] 1#1: getrlimit(RLIMIT_NOFILE): 20480:1048576
2026/04/14 04:28:48 [notice] 1#1: start worker processes
2026/04/14 04:28:48 [notice] 1#1: start worker process 30
2026/04/14 04:28:48 [notice] 1#1: start worker process 31
2026/04/14 04:28:48 [notice] 1#1: start worker process 32
2026/04/14 04:28:48 [notice] 1#1: start worker process 33
2026/04/14 04:28:48 [notice] 1#1: start worker process 34
2026/04/14 04:28:48 [notice] 1#1: start worker process 35
192.168.215.1 - - [14/Apr/2026:04:28:48 +0000] "GET / HTTP/1.1" 200 444 "-" "curl/8.7.1" "-"
192.168.215.1 - - [14/Apr/2026:04:29:12 +0000] "GET / HTTP/1.1" 200 444 "-" "curl/8.7.1" "-"

$ docker stats --no-stream mission-web-8080
CONTAINER ID   NAME               CPU %     MEM USAGE / LIMIT     MEM %     NET I/O           BLOCK I/O         PIDS
e0d872b08d08   mission-web-8080   0.00%     6.691MiB / 15.67GiB   0.04%     2.81kB / 2.25kB   6.65MB / 8.19kB   7

$ ls -la
total 16
drwxr-xr-x  10 okbaronok23110  okbaronok23110  320  4 14 13:28 .
drwxr-xr-x   5 okbaronok23110  okbaronok23110  160  4 14 13:27 ..
drwxr-xr-x   3 okbaronok23110  okbaronok23110   96  4 14 13:28 app
drwxr-xr-x   3 okbaronok23110  okbaronok23110   96  4 14 13:29 bind_site
-rw-r--r--   1 okbaronok23110  okbaronok23110  127  4 14 13:28 Dockerfile
drwxr-xr-x   3 okbaronok23110  okbaronok23110   96  4 14 13:27 evidence
drwxr-xr-x   4 okbaronok23110  okbaronok23110  128  4 14 13:27 perm_lab
drwxr-xr-x   4 okbaronok23110  okbaronok23110  128  4 14 13:27 practice
-rw-r--r--   1 okbaronok23110  okbaronok23110  151  4 14 13:27 runlog.sh
drwxr-xr-x   2 okbaronok23110  okbaronok23110   64  4 14 13:27 screenshots

$ git config --global user.name 'okbaronok23110'

$ git config --global user.email 'okbaronok23110@users.noreply.github.com'

$ git config --list | grep -E "user.name|user.email|init.defaultbranch"
init.defaultbranch=main
user.name=okbaronok23110
user.email=okbaronok23110@users.noreply.github.com

$ cd /Users/okbaronok23110/Desktop/E1-1 && git status --short
?? README.md
?? To_Do.txt
?? mission/

$ cd /Users/okbaronok23110/Desktop/E1-1 && git add README.md mission
